<?xml version="1.0" encoding="UTF-8"?>
<testng-results skipped="0" failed="0" total="1" passed="1">
  <reporter-output>
  </reporter-output>
  <suite name="Suite" duration-ms="52198" started-at="2016-09-14T02:27:05Z" finished-at="2016-09-14T02:27:57Z">
    <groups>
    </groups>
    <test name="Test" duration-ms="52198" started-at="2016-09-14T02:27:05Z" finished-at="2016-09-14T02:27:57Z">
      <class name="com.example.tests.TestAddWebDev">
        <test-method status="PASS" signature="setUp()[pri:0, instance:com.example.tests.TestAddWebDev@21213b92]" name="setUp" is-config="true" duration-ms="35398" started-at="2016-09-14T10:27:05Z" finished-at="2016-09-14T10:27:40Z">
          <reporter-output>
          </reporter-output>
        </test-method> <!-- setUp -->
        <test-method status="PASS" signature="testAddWebDev()[pri:0, instance:com.example.tests.TestAddWebDev@21213b92]" name="testAddWebDev" duration-ms="12187" started-at="2016-09-14T10:27:40Z" finished-at="2016-09-14T10:27:53Z">
          <reporter-output>
          </reporter-output>
        </test-method> <!-- testAddWebDev -->
        <test-method status="PASS" signature="tearDown()[pri:0, instance:com.example.tests.TestAddWebDev@21213b92]" name="tearDown" is-config="true" duration-ms="4550" started-at="2016-09-14T10:27:53Z" finished-at="2016-09-14T10:27:57Z">
          <reporter-output>
          </reporter-output>
        </test-method> <!-- tearDown -->
      </class> <!-- com.example.tests.TestAddWebDev -->
    </test> <!-- Test -->
  </suite> <!-- Suite -->
</testng-results>
