<?xml version="1.0" encoding="UTF-8"?>
<testng-results skipped="0" failed="0" total="1" passed="1">
  <reporter-output>
  </reporter-output>
  <suite name="Suite" duration-ms="83877" started-at="2016-09-14T03:50:19Z" finished-at="2016-09-14T03:51:43Z">
    <groups>
    </groups>
    <test name="Test" duration-ms="83877" started-at="2016-09-14T03:50:19Z" finished-at="2016-09-14T03:51:43Z">
      <class name="com.example.tests.TestAddWebDev">
        <test-method status="PASS" signature="setUp()[pri:0, instance:com.example.tests.TestAddWebDev@73f792cf]" name="setUp" is-config="true" duration-ms="55463" started-at="2016-09-14T11:50:19Z" finished-at="2016-09-14T11:51:15Z">
          <reporter-output>
          </reporter-output>
        </test-method> <!-- setUp -->
        <test-method status="PASS" signature="testAddWebDev()[pri:0, instance:com.example.tests.TestAddWebDev@73f792cf]" name="testAddWebDev" duration-ms="26820" started-at="2016-09-14T11:51:15Z" finished-at="2016-09-14T11:51:42Z">
          <reporter-output>
          </reporter-output>
        </test-method> <!-- testAddWebDev -->
        <test-method status="PASS" signature="tearDown()[pri:0, instance:com.example.tests.TestAddWebDev@73f792cf]" name="tearDown" is-config="true" duration-ms="1566" started-at="2016-09-14T11:51:42Z" finished-at="2016-09-14T11:51:43Z">
          <reporter-output>
          </reporter-output>
        </test-method> <!-- tearDown -->
      </class> <!-- com.example.tests.TestAddWebDev -->
    </test> <!-- Test -->
  </suite> <!-- Suite -->
</testng-results>
